<?xml version="1.0" encoding="utf-8"?>
<coverage line-rate="1" branch-rate="1" version="1.9" timestamp="1649404171" lines-covered="3" lines-valid="3" branches-covered="0" branches-valid="0">
  <sources />
  <packages>
    <package name="coverletsample.integration.determisticbuild" line-rate="1" branch-rate="1" complexity="1">
      <classes>
        <class name="Coverlet.Integration.DeterministicBuild.DeepThought" filename="/_/test/coverlet.integration.determisticbuild/DeepThought.cs" line-rate="1" branch-rate="1" complexity="1">
          <methods>
            <method name="AnswerToTheUltimateQuestionOfLifeTheUniverseAndEverything" signature="()" line-rate="1" branch-rate="1" complexity="1">
              <lines>
                <line number="6" hits="1" branch="False" />
                <line number="7" hits="1" branch="False" />
                <line number="8" hits="1" branch="False" />
              </lines>
            </method>
          </methods>
          <lines>
            <line number="6" hits="1" branch="False" />
            <line number="7" hits="1" branch="False" />
            <line number="8" hits="1" branch="False" />
          </lines>
        </class>
      </classes>
    </package>
  </packages>
</coverage>